#-----------------------------------------------------------
# Vivado v2018.3 (64-bit)
# SW Build 2405991 on Thu Dec  6 23:38:27 MST 2018
# IP Build 2404404 on Fri Dec  7 01:43:56 MST 2018
# Start of session at: Fri May 12 10:45:58 2023
# Process ID: 12452
# Current directory: C:/Users/Kerol/Desktop/make/2
# Command line: vivado.exe -gui_launcher_event rodinguilauncherevent12344 C:\Users\Kerol\Desktop\make\2\test_time.xpr
# Log file: C:/Users/Kerol/Desktop/make/2/vivado.log
# Journal file: C:/Users/Kerol/Desktop/make/2\vivado.jou
#-----------------------------------------------------------
start_gui
open_project C:/Users/Kerol/Desktop/make/2/test_time.xpr
Scanning sources...
Finished scanning sources
INFO: [IP_Flow 19-234] Refreshing IP repositories
INFO: [IP_Flow 19-1704] No user IP repositories specified
INFO: [IP_Flow 19-2313] Loaded Vivado IP repository 'C:/Xilinx/Vivado/2018.3/data/ip'.
open_project: Time (s): cpu = 00:00:14 ; elapsed = 00:00:07 . Memory (MB): peak = 891.949 ; gain = 214.902
update_compile_order -fileset sources_1
exit
INFO: [Common 17-206] Exiting Vivado at Fri May 12 11:09:57 2023...
