#-----------------------------------------------------------
# Vivado v2018.3 (64-bit)
# SW Build 2405991 on Thu Dec  6 23:38:27 MST 2018
# IP Build 2404404 on Fri Dec  7 01:43:56 MST 2018
# Start of session at: Wed Apr  5 13:31:02 2023
# Process ID: 23660
# Current directory: C:/Users/Kerol/Desktop/make/2
# Command line: vivado.exe -gui_launcher_event rodinguilauncherevent28320 C:\Users\Kerol\Desktop\make\2\test_time.xpr
# Log file: C:/Users/Kerol/Desktop/make/2/vivado.log
# Journal file: C:/Users/Kerol/Desktop/make/2\vivado.jou
#-----------------------------------------------------------
start_gui
open_project C:/Users/Kerol/Desktop/make/2/test_time.xpr
Scanning sources...
Finished scanning sources
INFO: [IP_Flow 19-234] Refreshing IP repositories
INFO: [IP_Flow 19-1704] No user IP repositories specified
INFO: [IP_Flow 19-2313] Loaded Vivado IP repository 'C:/Xilinx/Vivado/2018.3/data/ip'.
open_project: Time (s): cpu = 00:00:14 ; elapsed = 00:00:07 . Memory (MB): peak = 883.523 ; gain = 222.102
open_hw
update_compile_order -fileset sources_1
connect_hw_server
INFO: [Labtools 27-2285] Connecting to hw_server url TCP:localhost:3121
INFO: [Labtools 27-2222] Launching hw_server...
INFO: [Labtools 27-2221] Launch Output:

****** Xilinx hw_server v2018.3
  **** Build date : Dec  7 2018-00:40:27
    ** Copyright 1986-2018 Xilinx, Inc. All Rights Reserved.


open_hw_target
INFO: [Labtoolstcl 44-466] Opening hw_target localhost:3121/xilinx_tcf/Digilent/210251A08870
set_property PROGRAM.FILE {C:/Users/Kerol/Desktop/make/2/test_time.runs/impl_1/eth_udp_loop.bin} [get_hw_devices xc7a100t_0]
set_property PROBES.FILE {C:/Users/Kerol/Desktop/make/2/test_time.runs/impl_1/eth_udp_loop.ltx} [get_hw_devices xc7a100t_0]
set_property FULL_PROBES.FILE {C:/Users/Kerol/Desktop/make/2/test_time.runs/impl_1/eth_udp_loop.ltx} [get_hw_devices xc7a100t_0]
current_hw_device [get_hw_devices xc7a100t_0]
refresh_hw_device [lindex [get_hw_devices xc7a100t_0] 0]
INFO: [Labtools 27-2302] Device xc7a100t (JTAG device index = 0) is programmed with a design that has 1 ILA core(s).
create_hw_cfgmem -hw_device [get_hw_devices xc7a100t_0] -mem_dev [lindex [get_cfgmem_parts {mt25ql128-spi-x1_x2_x4}] 0]
display_hw_ila_data [ get_hw_ila_data hw_ila_data_1 -of_objects [get_hw_ilas -of_objects [get_hw_devices xc7a100t_0] -filter {CELL_NAME=~"u1_ila_0"}]]
set_property PROBES.FILE {C:/Users/Kerol/Desktop/make/2/test_time.runs/impl_1/eth_udp_loop.ltx} [get_hw_devices xc7a100t_0]
set_property FULL_PROBES.FILE {C:/Users/Kerol/Desktop/make/2/test_time.runs/impl_1/eth_udp_loop.ltx} [get_hw_devices xc7a100t_0]
set_property PROGRAM.FILE {C:/Users/Kerol/Desktop/make/2/test_time.runs/impl_1/eth_udp_loop.bin} [get_hw_devices xc7a100t_0]
program_hw_devices [get_hw_devices xc7a100t_0]
INFO: [Labtools 27-3164] End of startup status: HIGH
refresh_hw_device [lindex [get_hw_devices xc7a100t_0] 0]
INFO: [Labtools 27-2302] Device xc7a100t (JTAG device index = 0) is programmed with a design that has 1 ILA core(s).
save_wave_config {C:/Users/Kerol/Desktop/make/2/test_time.hw/hw_1/wave/hw_ila_data_1/hw_ila_data_1.wcfg}
exit
INFO: [Common 17-206] Exiting Vivado at Wed Apr  5 13:35:54 2023...
